<?xml version="1.0" encoding="UTF-8"?>
<!-- Generated by org.testng.reporters.JUnitReportReporter -->
<testsuite hostname="DESKTOP-9PBD117" failures="0" tests="1" name="scripts.TestCase1" time="19.808" errors="0" timestamp="2022-09-10T23:34:28 IST" skipped="0">
  <testcase classname="scripts.TestCase1" name="tcl" time="19.808"/>
  <system-out/>
</testsuite> <!-- scripts.TestCase1 -->
